<?xml version="1.0" encoding="UTF-8"?>
<!-- Generated by org.testng.reporters.JUnitReportReporter -->
<testsuite hostname="DESKTOP-ANL99IF" failures="0" tests="2" name="tests.InventoryPageTests" time="0.221" errors="0" timestamp="02 Oct 2024 02:28:54 GMT" skipped="0">
  <testcase classname="tests.InventoryPageTests" name="validateInventoryPage" time="0.155"/>
  <testcase classname="tests.InventoryPageTests" name="validateProductDesc" time="0.066"/>
</testsuite> <!-- tests.InventoryPageTests -->
