<?xml version="1.0" encoding="UTF-8"?>
<!-- Generated by org.testng.reporters.JUnitReportReporter -->
<testsuite hostname="DESKTOP-ANL99IF" failures="0" tests="3" name="tests.LoginPageTests" time="0.547" errors="0" timestamp="02 Oct 2024 03:14:17 GMT" skipped="0">
  <testcase classname="tests.LoginPageTests" name="validateSauceDemoTitlePage" time="0.031"/>
  <testcase classname="tests.LoginPageTests" name="validateSauceDemoURL" time="0.258"/>
  <testcase classname="tests.LoginPageTests" name="validateLogin" time="0.258"/>
</testsuite> <!-- tests.LoginPageTests -->
